2016-03-28 15:42:09.500  INFO 9791 --- [main] com.tnob.Application                     : Starting Application on tahmid-VirtualBox with PID 9791 (/home/tahmid/IdeaProjects/stockPrice-monitor-app/target/classes started by tahmid in /home/tahmid/IdeaProjects/stockPrice-monitor-app)
2016-03-28 15:42:09.506  INFO 9791 --- [main] com.tnob.Application                     : No active profile set, falling back to default profiles: default
2016-03-28 15:42:10.072  INFO 9791 --- [main] ationConfigEmbeddedWebApplicationContext : Refreshing org.springframework.boot.context.embedded.AnnotationConfigEmbeddedWebApplicationContext@3b50a481: startup date [Mon Mar 28 15:42:10 PDT 2016]; root of context hierarchy
2016-03-28 15:42:11.102  INFO 9791 --- [main] o.s.b.f.s.DefaultListableBeanFactory     : Overriding bean definition for bean 'beanNameViewResolver' with a different definition: replacing [Root bean: class [null]; scope=; abstract=false; lazyInit=false; autowireMode=3; dependencyCheck=0; autowireCandidate=true; primary=false; factoryBeanName=org.springframework.boot.autoconfigure.web.ErrorMvcAutoConfiguration$WhitelabelErrorViewConfiguration; factoryMethodName=beanNameViewResolver; initMethodName=null; destroyMethodName=(inferred); defined in class path resource [org/springframework/boot/autoconfigure/web/ErrorMvcAutoConfiguration$WhitelabelErrorViewConfiguration.class]] with [Root bean: class [null]; scope=; abstract=false; lazyInit=false; autowireMode=3; dependencyCheck=0; autowireCandidate=true; primary=false; factoryBeanName=org.springframework.boot.autoconfigure.web.WebMvcAutoConfiguration$WebMvcAutoConfigurationAdapter; factoryMethodName=beanNameViewResolver; initMethodName=null; destroyMethodName=(inferred); defined in class path resource [org/springframework/boot/autoconfigure/web/WebMvcAutoConfiguration$WebMvcAutoConfigurationAdapter.class]]
2016-03-28 15:42:11.669  INFO 9791 --- [main] trationDelegate$BeanPostProcessorChecker : Bean 'org.springframework.transaction.annotation.ProxyTransactionManagementConfiguration' of type [class org.springframework.transaction.annotation.ProxyTransactionManagementConfiguration$$EnhancerBySpringCGLIB$$636de83b] is not eligible for getting processed by all BeanPostProcessors (for example: not eligible for auto-proxying)
2016-03-28 15:42:12.471  INFO 9791 --- [main] s.b.c.e.t.TomcatEmbeddedServletContainer : Tomcat initialized with port(s): 8080 (http)
2016-03-28 15:42:12.491  INFO 9791 --- [main] o.apache.catalina.core.StandardService   : Starting service Tomcat
2016-03-28 15:42:12.494  INFO 9791 --- [main] org.apache.catalina.core.StandardEngine  : Starting Servlet Engine: Apache Tomcat/8.0.32
2016-03-28 15:42:12.709  INFO 9791 --- [localhost-startStop-1] o.a.c.c.C.[Tomcat].[localhost].[/]       : Initializing Spring embedded WebApplicationContext
2016-03-28 15:42:13.192  INFO 9791 --- [localhost-startStop-1] o.s.b.c.e.ServletRegistrationBean        : Mapping servlet: 'dispatcherServlet' to [/]
2016-03-28 15:42:13.198  INFO 9791 --- [localhost-startStop-1] o.s.b.c.embedded.FilterRegistrationBean  : Mapping filter: 'characterEncodingFilter' to: [/*]
2016-03-28 15:42:13.199  INFO 9791 --- [localhost-startStop-1] o.s.b.c.embedded.FilterRegistrationBean  : Mapping filter: 'hiddenHttpMethodFilter' to: [/*]
2016-03-28 15:42:13.199  INFO 9791 --- [localhost-startStop-1] o.s.b.c.embedded.FilterRegistrationBean  : Mapping filter: 'httpPutFormContentFilter' to: [/*]
2016-03-28 15:42:13.199  INFO 9791 --- [localhost-startStop-1] o.s.b.c.embedded.FilterRegistrationBean  : Mapping filter: 'requestContextFilter' to: [/*]
2016-03-28 15:42:13.613  INFO 9791 --- [main] j.LocalContainerEntityManagerFactoryBean : Building JPA container EntityManagerFactory for persistence unit 'default'
2016-03-28 15:42:16.594  INFO 9791 --- [main] o.s.j.e.a.AnnotationMBeanExporter        : Registering beans for JMX exposure on startup
2016-03-28 15:42:16.719  INFO 9791 --- [main] s.b.c.e.t.TomcatEmbeddedServletContainer : Tomcat started on port(s): 8080 (http)
2016-03-28 15:42:16.726  INFO 9791 --- [main] com.tnob.Application                     : Started Application in 7.844 seconds (JVM running for 10.832)
2016-03-28 15:46:15.707  INFO 9791 --- [http-nio-8080-exec-1] o.a.c.c.C.[Tomcat].[localhost].[/]       : Initializing Spring FrameworkServlet 'dispatcherServlet'
2016-03-28 15:46:15.801  INFO 9791 --- [http-nio-8080-exec-1] com.tnob.services.StockServiceImpl       : Adding stock record YHOO
